<?xml version="1.0" encoding="UTF-8"?>
<!-- Generated by org.testng.reporters.JUnitReportReporter -->
<testsuite hostname="Buvanthik" failures="0" tests="4" name="pom.besant.Besant.Testing" time="0.023" errors="0" timestamp="2022-09-05T07:37:59 IST" skipped="1">
  <testcase classname="pom.besant.Besant.Testing" name="addToCart" time="0.018"/>
  <system-out/>
  <testcase classname="pom.besant.Besant.Testing" name="login" time="0.002"/>
  <system-out/>
  <testcase classname="pom.besant.Besant.Testing" name="searchProduct" time="0.003"/>
  <system-out/>
  <testcase classname="pom.besant.Besant.Testing" name="signup">
    <skipped/>
  </testcase> <!-- signup -->
  <system-out/>
</testsuite> <!-- pom.besant.Besant.Testing -->
